<?xml version="1.0" encoding="UTF-8"?>
<testsuite name="fr.efrei.server.ServerApplicationTests" tests="1" skipped="0" failures="0" errors="0" timestamp="2023-11-29T16:37:29" hostname="JAMILALSHAMAA" time="0.761">
  <properties/>
  <testcase name="contextLoads()" classname="fr.efrei.server.ServerApplicationTests" time="0.761"/>
  <system-out><![CDATA[17:37:25.455 [Test worker] INFO org.springframework.test.context.support.AnnotationConfigContextLoaderUtils -- Could not detect default configuration classes for test class [fr.efrei.server.ServerApplicationTests]: ServerApplicationTests does not declare any static, non-private, non-final, nested classes annotated with @Configuration.
17:37:25.569 [Test worker] INFO org.springframework.boot.test.context.SpringBootTestContextBootstrapper -- Found @SpringBootConfiguration fr.efrei.server.ServerApplication for test class fr.efrei.server.ServerApplicationTests

  .   ____          _            __ _ _
 /\\ / ___'_ __ _ _(_)_ __  __ _ \ \ \ \
( ( )\___ | '_ | '_| | '_ \/ _` | \ \ \ \
 \\/  ___)| |_)| | | | | || (_| |  ) ) ) )
  '  |____| .__|_| |_|_| |_\__, | / / / /
 =========|_|==============|___/=/_/_/_/
 :: Spring Boot ::                (v3.2.0)

2023-11-29T17:37:26.095+01:00  INFO 1556 --- [    Test worker] fr.efrei.server.ServerApplicationTests   : Starting ServerApplicationTests using Java 21.0.1 with PID 1556 (started by jamil in D:\Activities\Education\Uni\EFREI_PARIS\M2\S9\Cloud_Integration\Github\cloudintegration\server)
2023-11-29T17:37:26.096+01:00  INFO 1556 --- [    Test worker] fr.efrei.server.ServerApplicationTests   : No active profile set, falling back to 1 default profile: "default"
2023-11-29T17:37:26.860+01:00  INFO 1556 --- [    Test worker] .s.d.r.c.RepositoryConfigurationDelegate : Bootstrapping Spring Data JPA repositories in DEFAULT mode.
2023-11-29T17:37:26.898+01:00  INFO 1556 --- [    Test worker] .s.d.r.c.RepositoryConfigurationDelegate : Finished Spring Data repository scanning in 21 ms. Found 0 JPA repository interfaces.
2023-11-29T17:37:27.336+01:00  INFO 1556 --- [    Test worker] com.zaxxer.hikari.HikariDataSource       : HikariPool-1 - Starting...
2023-11-29T17:37:27.515+01:00  INFO 1556 --- [    Test worker] com.zaxxer.hikari.pool.HikariPool        : HikariPool-1 - Added connection conn0: url=jdbc:h2:mem:6291a23c-b0aa-4715-8418-85b776483c1c user=SA
2023-11-29T17:37:27.519+01:00  INFO 1556 --- [    Test worker] com.zaxxer.hikari.HikariDataSource       : HikariPool-1 - Start completed.
2023-11-29T17:37:27.667+01:00  INFO 1556 --- [    Test worker] o.hibernate.jpa.internal.util.LogHelper  : HHH000204: Processing PersistenceUnitInfo [name: default]
2023-11-29T17:37:27.731+01:00  INFO 1556 --- [    Test worker] org.hibernate.Version                    : HHH000412: Hibernate ORM core version 6.3.1.Final
2023-11-29T17:37:27.772+01:00  INFO 1556 --- [    Test worker] o.h.c.internal.RegionFactoryInitiator    : HHH000026: Second-level cache disabled
2023-11-29T17:37:28.090+01:00  INFO 1556 --- [    Test worker] o.s.o.j.p.SpringPersistenceUnitInfo      : No LoadTimeWeaver setup: ignoring JPA class transformer
2023-11-29T17:37:28.450+01:00  INFO 1556 --- [    Test worker] o.h.e.t.j.p.i.JtaPlatformInitiator       : HHH000489: No JTA platform available (set 'hibernate.transaction.jta.platform' to enable JTA platform integration)
2023-11-29T17:37:28.455+01:00  INFO 1556 --- [    Test worker] j.LocalContainerEntityManagerFactoryBean : Initialized JPA EntityManagerFactory for persistence unit 'default'
2023-11-29T17:37:28.646+01:00  WARN 1556 --- [    Test worker] JpaBaseConfiguration$JpaWebConfiguration : spring.jpa.open-in-view is enabled by default. Therefore, database queries may be performed during view rendering. Explicitly configure spring.jpa.open-in-view to disable this warning
2023-11-29T17:37:29.154+01:00  INFO 1556 --- [    Test worker] fr.efrei.server.ServerApplicationTests   : Started ServerApplicationTests in 3.328 seconds (process running for 4.792)
]]></system-out>
  <system-err><![CDATA[WARNING: A Java agent has been loaded dynamically (C:\Users\jamil\.gradle\caches\modules-2\files-2.1\net.bytebuddy\byte-buddy-agent\1.14.10\90ed94ac044ea8953b224304c762316e91fd6b31\byte-buddy-agent-1.14.10.jar)
WARNING: If a serviceability tool is in use, please run with -XX:+EnableDynamicAgentLoading to hide this warning
WARNING: If a serviceability tool is not in use, please run with -Djdk.instrument.traceUsage for more information
WARNING: Dynamic loading of agents will be disallowed by default in a future release
]]></system-err>
</testsuite>
